<?xml version="1.0" encoding="UTF-8"?>
<robot generator="Robot 6.1.1 (Python 3.10.11 on win32)" generated="20231120 12:52:24.270" rpa="false" schemaversion="4">
<suite id="s1" name="Tests" source="C:\Users\joelw\palautusrepositorio\viikko3\hello-robot\src\tests">
<suite id="s1-s1" name="Increase Counter" source="C:\Users\joelw\palautusrepositorio\viikko3\hello-robot\src\tests\increase_counter.robot">
<test id="s1-s1-t1" name="Increase Counter Once" line="5">
<kw name="Counter Value Should Be" library="CounterLibrary">
<arg>0</arg>
<status status="PASS" starttime="20231120 12:52:24.292" endtime="20231120 12:52:24.292"/>
</kw>
<kw name="Increase Counter" library="CounterLibrary">
<status status="PASS" starttime="20231120 12:52:24.293" endtime="20231120 12:52:24.293"/>
</kw>
<kw name="Counter Value Should Be" library="CounterLibrary">
<arg>1</arg>
<status status="PASS" starttime="20231120 12:52:24.293" endtime="20231120 12:52:24.293"/>
</kw>
<status status="PASS" starttime="20231120 12:52:24.292" endtime="20231120 12:52:24.293"/>
</test>
<test id="s1-s1-t2" name="Increase Counter Many Times" line="10">
<kw name="Counter Value Should Be" library="CounterLibrary">
<arg>0</arg>
<status status="PASS" starttime="20231120 12:52:24.294" endtime="20231120 12:52:24.294"/>
</kw>
<kw name="Increase Counter" library="CounterLibrary">
<status status="PASS" starttime="20231120 12:52:24.294" endtime="20231120 12:52:24.294"/>
</kw>
<kw name="Increase Counter" library="CounterLibrary">
<status status="PASS" starttime="20231120 12:52:24.294" endtime="20231120 12:52:24.294"/>
</kw>
<kw name="Increase Counter" library="CounterLibrary">
<status status="PASS" starttime="20231120 12:52:24.294" endtime="20231120 12:52:24.294"/>
</kw>
<kw name="Counter Value Should Be" library="CounterLibrary">
<arg>3</arg>
<status status="PASS" starttime="20231120 12:52:24.294" endtime="20231120 12:52:24.294"/>
</kw>
<status status="PASS" starttime="20231120 12:52:24.293" endtime="20231120 12:52:24.295"/>
</test>
<test id="s1-s1-t3" name="Increment Counter By Amount" line="17">
<kw name="Counter Value Should Be" library="CounterLibrary">
<arg>0</arg>
<status status="PASS" starttime="20231120 12:52:24.295" endtime="20231120 12:52:24.295"/>
</kw>
<kw name="Increment Counter By" library="CounterLibrary">
<arg>5</arg>
<status status="PASS" starttime="20231120 12:52:24.295" endtime="20231120 12:52:24.295"/>
</kw>
<kw name="Counter Value Should Be" library="CounterLibrary">
<arg>5</arg>
<status status="PASS" starttime="20231120 12:52:24.296" endtime="20231120 12:52:24.296"/>
</kw>
<status status="PASS" starttime="20231120 12:52:24.295" endtime="20231120 12:52:24.296"/>
</test>
<status status="PASS" starttime="20231120 12:52:24.284" endtime="20231120 12:52:24.296"/>
</suite>
<suite id="s1-s2" name="Resert Counter" source="C:\Users\joelw\palautusrepositorio\viikko3\hello-robot\src\tests\resert_counter.robot">
<test id="s1-s2-t1" name="Reset Counter After One Increment" line="5">
<kw name="Counter Value Should Be" library="CounterLibrary">
<arg>0</arg>
<status status="PASS" starttime="20231120 12:52:24.301" endtime="20231120 12:52:24.301"/>
</kw>
<kw name="Increase Counter" library="CounterLibrary">
<status status="PASS" starttime="20231120 12:52:24.301" endtime="20231120 12:52:24.301"/>
</kw>
<kw name="Counter Value Should Be" library="CounterLibrary">
<arg>1</arg>
<status status="PASS" starttime="20231120 12:52:24.301" endtime="20231120 12:52:24.301"/>
</kw>
<kw name="Reset Counter" library="CounterLibrary">
<status status="PASS" starttime="20231120 12:52:24.301" endtime="20231120 12:52:24.301"/>
</kw>
<kw name="Counter Value Should Be" library="CounterLibrary">
<arg>0</arg>
<status status="PASS" starttime="20231120 12:52:24.301" endtime="20231120 12:52:24.301"/>
</kw>
<status status="PASS" starttime="20231120 12:52:24.300" endtime="20231120 12:52:24.301"/>
</test>
<test id="s1-s2-t2" name="Reset Counter After Several Increments" line="12">
<kw name="Counter Value Should Be" library="CounterLibrary">
<arg>0</arg>
<status status="PASS" starttime="20231120 12:52:24.302" endtime="20231120 12:52:24.302"/>
</kw>
<kw name="Increment Counter By" library="CounterLibrary">
<arg>5</arg>
<status status="PASS" starttime="20231120 12:52:24.302" endtime="20231120 12:52:24.302"/>
</kw>
<kw name="Counter Value Should Be" library="CounterLibrary">
<arg>5</arg>
<status status="PASS" starttime="20231120 12:52:24.302" endtime="20231120 12:52:24.302"/>
</kw>
<kw name="Reset Counter" library="CounterLibrary">
<status status="PASS" starttime="20231120 12:52:24.302" endtime="20231120 12:52:24.302"/>
</kw>
<kw name="Counter Value Should Be" library="CounterLibrary">
<arg>0</arg>
<status status="PASS" starttime="20231120 12:52:24.303" endtime="20231120 12:52:24.303"/>
</kw>
<status status="PASS" starttime="20231120 12:52:24.302" endtime="20231120 12:52:24.303"/>
</test>
<status status="PASS" starttime="20231120 12:52:24.297" endtime="20231120 12:52:24.303"/>
</suite>
<status status="PASS" starttime="20231120 12:52:24.271" endtime="20231120 12:52:24.304"/>
</suite>
<statistics>
<total>
<stat pass="5" fail="0" skip="0">All Tests</stat>
</total>
<tag>
</tag>
<suite>
<stat pass="5" fail="0" skip="0" id="s1" name="Tests">Tests</stat>
<stat pass="3" fail="0" skip="0" id="s1-s1" name="Increase Counter">Tests.Increase Counter</stat>
<stat pass="2" fail="0" skip="0" id="s1-s2" name="Resert Counter">Tests.Resert Counter</stat>
</suite>
</statistics>
<errors>
</errors>
</robot>
