<?xml version="1.0" encoding="UTF-8"?>
<robot generator="Robot 6.1.1 (Python 3.10.11 on win32)" generated="20231120 16:23:51.818" rpa="false" schemaversion="4">
<suite id="s1" name="Register" source="C:\Users\joelw\palautusrepositorio\viikko3\web-login\src\tests\register.robot">
<kw name="Open And Configure Browser" library="resource" type="SETUP">
<kw name="Evaluate" library="BuiltIn">
<var>${options}</var>
<arg>sys.modules['selenium.webdriver'].ChromeOptions()</arg>
<arg>sys</arg>
<doc>Evaluates the given expression in Python and returns the result.</doc>
<msg timestamp="20231120 16:23:54.644" level="INFO">${options} = &lt;selenium.webdriver.chrome.options.Options object at 0x000002B35F1D6C50&gt;</msg>
<status status="PASS" starttime="20231120 16:23:54.644" endtime="20231120 16:23:54.644"/>
</kw>
<kw name="Call Method" library="BuiltIn">
<arg>${options}</arg>
<arg>add_argument</arg>
<arg>--no-sandbox</arg>
<doc>Calls the named method of the given object with the provided arguments.</doc>
<status status="PASS" starttime="20231120 16:23:54.644" endtime="20231120 16:23:54.644"/>
</kw>
<kw name="Call Method" library="BuiltIn">
<arg>${options}</arg>
<arg>add_argument</arg>
<arg>--headless</arg>
<doc>Calls the named method of the given object with the provided arguments.</doc>
<status status="PASS" starttime="20231120 16:23:54.645" endtime="20231120 16:23:54.645"/>
</kw>
<kw name="Open Browser" library="SeleniumLibrary">
<arg>browser=chrome</arg>
<arg>options=${options}</arg>
<doc>Opens a new browser instance to the optional ``url``.</doc>
<msg timestamp="20231120 16:23:54.645" level="INFO">Opening browser 'chrome' to base url 'None'.</msg>
<status status="PASS" starttime="20231120 16:23:54.645" endtime="20231120 16:23:56.202"/>
</kw>
<kw name="Set Selenium Speed" library="SeleniumLibrary">
<arg>${DELAY}</arg>
<doc>Sets the delay that is waited after each Selenium command.</doc>
<status status="PASS" starttime="20231120 16:23:56.202" endtime="20231120 16:23:56.203"/>
</kw>
<status status="PASS" starttime="20231120 16:23:54.643" endtime="20231120 16:23:56.203"/>
</kw>
<test id="s1-t1" name="Register With Valid Username And Password" line="9">
<kw name="Go To Register Page" library="resource" type="SETUP">
<kw name="Go To" library="SeleniumLibrary">
<arg>${REGISTER_URL}</arg>
<doc>Navigates the current browser window to the provided ``url``.</doc>
<msg timestamp="20231120 16:23:56.204" level="INFO">Opening url 'http://localhost:5001/register'</msg>
<status status="PASS" starttime="20231120 16:23:56.204" endtime="20231120 16:23:56.580"/>
</kw>
<status status="PASS" starttime="20231120 16:23:56.204" endtime="20231120 16:23:56.581"/>
</kw>
<kw name="Set Username" library="login_resource">
<arg>testA</arg>
<kw name="Input Text" library="SeleniumLibrary">
<arg>username</arg>
<arg>${username}</arg>
<doc>Types the given ``text`` into the text field identified by ``locator``.</doc>
<msg timestamp="20231120 16:23:56.582" level="INFO">Typing text 'testA' into text field 'username'.</msg>
<status status="PASS" starttime="20231120 16:23:56.581" endtime="20231120 16:23:56.653"/>
</kw>
<status status="PASS" starttime="20231120 16:23:56.581" endtime="20231120 16:23:56.653"/>
</kw>
<kw name="Set Password" library="login_resource">
<arg>abcd1234</arg>
<kw name="Input Password" library="SeleniumLibrary">
<arg>password</arg>
<arg>${password}</arg>
<doc>Types the given password into the text field identified by ``locator``.</doc>
<msg timestamp="20231120 16:23:56.655" level="INFO">Typing password into text field 'password'.</msg>
<msg timestamp="20231120 16:23:56.679" level="INFO">Temporally setting log level to: NONE</msg>
<msg timestamp="20231120 16:23:56.707" level="INFO">Log level changed from NONE to INFO.</msg>
<status status="PASS" starttime="20231120 16:23:56.654" endtime="20231120 16:23:56.707"/>
</kw>
<status status="PASS" starttime="20231120 16:23:56.654" endtime="20231120 16:23:56.707"/>
</kw>
<kw name="Set Password Confirmation">
<arg>abcd1234</arg>
<kw name="Input Password" library="SeleniumLibrary">
<arg>password_confirmation</arg>
<arg>${password}</arg>
<doc>Types the given password into the text field identified by ``locator``.</doc>
<msg timestamp="20231120 16:23:56.708" level="INFO">Typing password into text field 'password_confirmation'.</msg>
<msg timestamp="20231120 16:23:56.734" level="INFO">Temporally setting log level to: NONE</msg>
<msg timestamp="20231120 16:23:56.762" level="INFO">Log level changed from NONE to INFO.</msg>
<status status="PASS" starttime="20231120 16:23:56.708" endtime="20231120 16:23:56.762"/>
</kw>
<status status="PASS" starttime="20231120 16:23:56.708" endtime="20231120 16:23:56.762"/>
</kw>
<kw name="Submit Registration">
<kw name="Click Button" library="SeleniumLibrary">
<arg>Register</arg>
<doc>Clicks the button identified by ``locator``.</doc>
<msg timestamp="20231120 16:23:56.763" level="INFO">Clicking button 'Register'.</msg>
<status status="PASS" starttime="20231120 16:23:56.763" endtime="20231120 16:23:57.124"/>
</kw>
<status status="PASS" starttime="20231120 16:23:56.762" endtime="20231120 16:23:57.124"/>
</kw>
<kw name="Register Should Succeed">
<kw name="Welcome Page Should Be Open" library="resource">
<kw name="Title Should Be" library="SeleniumLibrary">
<arg>Welcome to Ohtu Application!</arg>
<doc>Verifies that the current page title equals ``title``.</doc>
<msg timestamp="20231120 16:23:57.128" level="INFO">Page title is 'Welcome to Ohtu Application!'.</msg>
<status status="PASS" starttime="20231120 16:23:57.125" endtime="20231120 16:23:57.129"/>
</kw>
<status status="PASS" starttime="20231120 16:23:57.125" endtime="20231120 16:23:57.129"/>
</kw>
<status status="PASS" starttime="20231120 16:23:57.125" endtime="20231120 16:23:57.129"/>
</kw>
<status status="PASS" starttime="20231120 16:23:56.203" endtime="20231120 16:23:57.129"/>
</test>
<test id="s1-t2" name="Register With Too Short Username And Valid Password" line="16">
<kw name="Go To Register Page" library="resource" type="SETUP">
<kw name="Go To" library="SeleniumLibrary">
<arg>${REGISTER_URL}</arg>
<doc>Navigates the current browser window to the provided ``url``.</doc>
<msg timestamp="20231120 16:23:57.131" level="INFO">Opening url 'http://localhost:5001/register'</msg>
<status status="PASS" starttime="20231120 16:23:57.131" endtime="20231120 16:23:57.139"/>
</kw>
<status status="PASS" starttime="20231120 16:23:57.130" endtime="20231120 16:23:57.139"/>
</kw>
<kw name="Set Username" library="login_resource">
<arg>a</arg>
<kw name="Input Text" library="SeleniumLibrary">
<arg>username</arg>
<arg>${username}</arg>
<doc>Types the given ``text`` into the text field identified by ``locator``.</doc>
<msg timestamp="20231120 16:23:57.140" level="INFO">Typing text 'a' into text field 'username'.</msg>
<status status="PASS" starttime="20231120 16:23:57.139" endtime="20231120 16:23:57.189"/>
</kw>
<status status="PASS" starttime="20231120 16:23:57.139" endtime="20231120 16:23:57.189"/>
</kw>
<kw name="Set Password" library="login_resource">
<arg>abcd1234</arg>
<kw name="Input Password" library="SeleniumLibrary">
<arg>password</arg>
<arg>${password}</arg>
<doc>Types the given password into the text field identified by ``locator``.</doc>
<msg timestamp="20231120 16:23:57.190" level="INFO">Typing password into text field 'password'.</msg>
<msg timestamp="20231120 16:23:57.211" level="INFO">Temporally setting log level to: NONE</msg>
<msg timestamp="20231120 16:23:57.238" level="INFO">Log level changed from NONE to INFO.</msg>
<status status="PASS" starttime="20231120 16:23:57.190" endtime="20231120 16:23:57.238"/>
</kw>
<status status="PASS" starttime="20231120 16:23:57.189" endtime="20231120 16:23:57.238"/>
</kw>
<kw name="Set Password Confirmation">
<arg>abcd1234</arg>
<kw name="Input Password" library="SeleniumLibrary">
<arg>password_confirmation</arg>
<arg>${password}</arg>
<doc>Types the given password into the text field identified by ``locator``.</doc>
<msg timestamp="20231120 16:23:57.239" level="INFO">Typing password into text field 'password_confirmation'.</msg>
<msg timestamp="20231120 16:23:57.260" level="INFO">Temporally setting log level to: NONE</msg>
<msg timestamp="20231120 16:23:57.287" level="INFO">Log level changed from NONE to INFO.</msg>
<status status="PASS" starttime="20231120 16:23:57.239" endtime="20231120 16:23:57.287"/>
</kw>
<status status="PASS" starttime="20231120 16:23:57.239" endtime="20231120 16:23:57.287"/>
</kw>
<kw name="Submit Registration">
<kw name="Click Button" library="SeleniumLibrary">
<arg>Register</arg>
<doc>Clicks the button identified by ``locator``.</doc>
<msg timestamp="20231120 16:23:57.289" level="INFO">Clicking button 'Register'.</msg>
<status status="PASS" starttime="20231120 16:23:57.288" endtime="20231120 16:23:57.882"/>
</kw>
<status status="PASS" starttime="20231120 16:23:57.288" endtime="20231120 16:23:57.882"/>
</kw>
<kw name="Register Should Fail With Message">
<arg>Username must have only letters and at least 3 characters</arg>
<kw name="Register Page Should Be Open" library="resource">
<kw name="Title Should Be" library="SeleniumLibrary">
<arg>Register</arg>
<doc>Verifies that the current page title equals ``title``.</doc>
<msg timestamp="20231120 16:23:57.886" level="INFO">Page title is 'Register'.</msg>
<status status="PASS" starttime="20231120 16:23:57.883" endtime="20231120 16:23:57.886"/>
</kw>
<status status="PASS" starttime="20231120 16:23:57.883" endtime="20231120 16:23:57.886"/>
</kw>
<kw name="Page Should Contain" library="SeleniumLibrary">
<arg>${message}</arg>
<doc>Verifies that current page contains ``text``.</doc>
<msg timestamp="20231120 16:23:57.897" level="INFO">Current page contains text 'Username must have only letters and at least 3 characters'.</msg>
<status status="PASS" starttime="20231120 16:23:57.886" endtime="20231120 16:23:57.898"/>
</kw>
<status status="PASS" starttime="20231120 16:23:57.882" endtime="20231120 16:23:57.898"/>
</kw>
<status status="PASS" starttime="20231120 16:23:57.130" endtime="20231120 16:23:57.898"/>
</test>
<test id="s1-t3" name="Register With Valid Username And Invalid Password" line="23">
<kw name="Go To Register Page" library="resource" type="SETUP">
<kw name="Go To" library="SeleniumLibrary">
<arg>${REGISTER_URL}</arg>
<doc>Navigates the current browser window to the provided ``url``.</doc>
<msg timestamp="20231120 16:23:57.900" level="INFO">Opening url 'http://localhost:5001/register'</msg>
<status status="PASS" starttime="20231120 16:23:57.900" endtime="20231120 16:23:57.961"/>
</kw>
<status status="PASS" starttime="20231120 16:23:57.899" endtime="20231120 16:23:57.961"/>
</kw>
<kw name="Set Username" library="login_resource">
<arg>testB</arg>
<kw name="Input Text" library="SeleniumLibrary">
<arg>username</arg>
<arg>${username}</arg>
<doc>Types the given ``text`` into the text field identified by ``locator``.</doc>
<msg timestamp="20231120 16:23:57.962" level="INFO">Typing text 'testB' into text field 'username'.</msg>
<status status="PASS" starttime="20231120 16:23:57.962" endtime="20231120 16:23:58.015"/>
</kw>
<status status="PASS" starttime="20231120 16:23:57.961" endtime="20231120 16:23:58.015"/>
</kw>
<kw name="Set Password" library="login_resource">
<arg>abcdefg</arg>
<kw name="Input Password" library="SeleniumLibrary">
<arg>password</arg>
<arg>${password}</arg>
<doc>Types the given password into the text field identified by ``locator``.</doc>
<msg timestamp="20231120 16:23:58.016" level="INFO">Typing password into text field 'password'.</msg>
<msg timestamp="20231120 16:23:58.039" level="INFO">Temporally setting log level to: NONE</msg>
<msg timestamp="20231120 16:23:58.067" level="INFO">Log level changed from NONE to INFO.</msg>
<status status="PASS" starttime="20231120 16:23:58.015" endtime="20231120 16:23:58.067"/>
</kw>
<status status="PASS" starttime="20231120 16:23:58.015" endtime="20231120 16:23:58.067"/>
</kw>
<kw name="Set Password Confirmation">
<arg>abcdefg</arg>
<kw name="Input Password" library="SeleniumLibrary">
<arg>password_confirmation</arg>
<arg>${password}</arg>
<doc>Types the given password into the text field identified by ``locator``.</doc>
<msg timestamp="20231120 16:23:58.068" level="INFO">Typing password into text field 'password_confirmation'.</msg>
<msg timestamp="20231120 16:23:58.089" level="INFO">Temporally setting log level to: NONE</msg>
<msg timestamp="20231120 16:23:58.117" level="INFO">Log level changed from NONE to INFO.</msg>
<status status="PASS" starttime="20231120 16:23:58.068" endtime="20231120 16:23:58.117"/>
</kw>
<status status="PASS" starttime="20231120 16:23:58.067" endtime="20231120 16:23:58.117"/>
</kw>
<kw name="Submit Registration">
<kw name="Click Button" library="SeleniumLibrary">
<arg>Register</arg>
<doc>Clicks the button identified by ``locator``.</doc>
<msg timestamp="20231120 16:23:58.119" level="INFO">Clicking button 'Register'.</msg>
<status status="PASS" starttime="20231120 16:23:58.118" endtime="20231120 16:23:58.469"/>
</kw>
<status status="PASS" starttime="20231120 16:23:58.118" endtime="20231120 16:23:58.469"/>
</kw>
<kw name="Register Should Fail With Message">
<arg>Password must have a non letter character and at least 8 characters</arg>
<kw name="Register Page Should Be Open" library="resource">
<kw name="Title Should Be" library="SeleniumLibrary">
<arg>Register</arg>
<doc>Verifies that the current page title equals ``title``.</doc>
<msg timestamp="20231120 16:23:58.473" level="INFO">Page title is 'Register'.</msg>
<status status="PASS" starttime="20231120 16:23:58.470" endtime="20231120 16:23:58.473"/>
</kw>
<status status="PASS" starttime="20231120 16:23:58.469" endtime="20231120 16:23:58.473"/>
</kw>
<kw name="Page Should Contain" library="SeleniumLibrary">
<arg>${message}</arg>
<doc>Verifies that current page contains ``text``.</doc>
<msg timestamp="20231120 16:23:58.485" level="INFO">Current page contains text 'Password must have a non letter character and at least 8 characters'.</msg>
<status status="PASS" starttime="20231120 16:23:58.473" endtime="20231120 16:23:58.485"/>
</kw>
<status status="PASS" starttime="20231120 16:23:58.469" endtime="20231120 16:23:58.485"/>
</kw>
<status status="PASS" starttime="20231120 16:23:57.899" endtime="20231120 16:23:58.486"/>
</test>
<test id="s1-t4" name="Register With Nonmatching Password And Password Confirmation" line="30">
<kw name="Go To Register Page" library="resource" type="SETUP">
<kw name="Go To" library="SeleniumLibrary">
<arg>${REGISTER_URL}</arg>
<doc>Navigates the current browser window to the provided ``url``.</doc>
<msg timestamp="20231120 16:23:58.487" level="INFO">Opening url 'http://localhost:5001/register'</msg>
<status status="PASS" starttime="20231120 16:23:58.487" endtime="20231120 16:23:58.530"/>
</kw>
<status status="PASS" starttime="20231120 16:23:58.487" endtime="20231120 16:23:58.530"/>
</kw>
<kw name="Set Username" library="login_resource">
<arg>testC</arg>
<kw name="Input Text" library="SeleniumLibrary">
<arg>username</arg>
<arg>${username}</arg>
<doc>Types the given ``text`` into the text field identified by ``locator``.</doc>
<msg timestamp="20231120 16:23:58.531" level="INFO">Typing text 'testC' into text field 'username'.</msg>
<status status="PASS" starttime="20231120 16:23:58.531" endtime="20231120 16:23:58.580"/>
</kw>
<status status="PASS" starttime="20231120 16:23:58.531" endtime="20231120 16:23:58.581"/>
</kw>
<kw name="Set Password" library="login_resource">
<arg>abcd1234</arg>
<kw name="Input Password" library="SeleniumLibrary">
<arg>password</arg>
<arg>${password}</arg>
<doc>Types the given password into the text field identified by ``locator``.</doc>
<msg timestamp="20231120 16:23:58.582" level="INFO">Typing password into text field 'password'.</msg>
<msg timestamp="20231120 16:23:58.605" level="INFO">Temporally setting log level to: NONE</msg>
<msg timestamp="20231120 16:23:58.636" level="INFO">Log level changed from NONE to INFO.</msg>
<status status="PASS" starttime="20231120 16:23:58.581" endtime="20231120 16:23:58.636"/>
</kw>
<status status="PASS" starttime="20231120 16:23:58.581" endtime="20231120 16:23:58.636"/>
</kw>
<kw name="Set Password Confirmation">
<arg>none</arg>
<kw name="Input Password" library="SeleniumLibrary">
<arg>password_confirmation</arg>
<arg>${password}</arg>
<doc>Types the given password into the text field identified by ``locator``.</doc>
<msg timestamp="20231120 16:23:58.637" level="INFO">Typing password into text field 'password_confirmation'.</msg>
<msg timestamp="20231120 16:23:58.659" level="INFO">Temporally setting log level to: NONE</msg>
<msg timestamp="20231120 16:23:58.688" level="INFO">Log level changed from NONE to INFO.</msg>
<status status="PASS" starttime="20231120 16:23:58.637" endtime="20231120 16:23:58.688"/>
</kw>
<status status="PASS" starttime="20231120 16:23:58.636" endtime="20231120 16:23:58.688"/>
</kw>
<kw name="Submit Registration">
<kw name="Click Button" library="SeleniumLibrary">
<arg>Register</arg>
<doc>Clicks the button identified by ``locator``.</doc>
<msg timestamp="20231120 16:23:58.690" level="INFO">Clicking button 'Register'.</msg>
<status status="PASS" starttime="20231120 16:23:58.689" endtime="20231120 16:23:59.037"/>
</kw>
<status status="PASS" starttime="20231120 16:23:58.689" endtime="20231120 16:23:59.037"/>
</kw>
<kw name="Register Should Fail With Message">
<arg>Passwords do not match</arg>
<kw name="Register Page Should Be Open" library="resource">
<kw name="Title Should Be" library="SeleniumLibrary">
<arg>Register</arg>
<doc>Verifies that the current page title equals ``title``.</doc>
<msg timestamp="20231120 16:23:59.042" level="INFO">Page title is 'Register'.</msg>
<status status="PASS" starttime="20231120 16:23:59.038" endtime="20231120 16:23:59.042"/>
</kw>
<status status="PASS" starttime="20231120 16:23:59.038" endtime="20231120 16:23:59.042"/>
</kw>
<kw name="Page Should Contain" library="SeleniumLibrary">
<arg>${message}</arg>
<doc>Verifies that current page contains ``text``.</doc>
<msg timestamp="20231120 16:23:59.053" level="INFO">Current page contains text 'Passwords do not match'.</msg>
<status status="PASS" starttime="20231120 16:23:59.042" endtime="20231120 16:23:59.053"/>
</kw>
<status status="PASS" starttime="20231120 16:23:59.037" endtime="20231120 16:23:59.053"/>
</kw>
<status status="PASS" starttime="20231120 16:23:58.486" endtime="20231120 16:23:59.054"/>
</test>
<test id="s1-t5" name="Login After Successful Registration" line="37">
<kw name="Go To Register Page" library="resource" type="SETUP">
<kw name="Go To" library="SeleniumLibrary">
<arg>${REGISTER_URL}</arg>
<doc>Navigates the current browser window to the provided ``url``.</doc>
<msg timestamp="20231120 16:23:59.056" level="INFO">Opening url 'http://localhost:5001/register'</msg>
<status status="PASS" starttime="20231120 16:23:59.055" endtime="20231120 16:23:59.132"/>
</kw>
<status status="PASS" starttime="20231120 16:23:59.055" endtime="20231120 16:23:59.132"/>
</kw>
<kw name="Set Username" library="login_resource">
<arg>testD</arg>
<kw name="Input Text" library="SeleniumLibrary">
<arg>username</arg>
<arg>${username}</arg>
<doc>Types the given ``text`` into the text field identified by ``locator``.</doc>
<msg timestamp="20231120 16:23:59.133" level="INFO">Typing text 'testD' into text field 'username'.</msg>
<status status="PASS" starttime="20231120 16:23:59.133" endtime="20231120 16:23:59.182"/>
</kw>
<status status="PASS" starttime="20231120 16:23:59.133" endtime="20231120 16:23:59.182"/>
</kw>
<kw name="Set Password" library="login_resource">
<arg>abcd1234</arg>
<kw name="Input Password" library="SeleniumLibrary">
<arg>password</arg>
<arg>${password}</arg>
<doc>Types the given password into the text field identified by ``locator``.</doc>
<msg timestamp="20231120 16:23:59.183" level="INFO">Typing password into text field 'password'.</msg>
<msg timestamp="20231120 16:23:59.206" level="INFO">Temporally setting log level to: NONE</msg>
<msg timestamp="20231120 16:23:59.234" level="INFO">Log level changed from NONE to INFO.</msg>
<status status="PASS" starttime="20231120 16:23:59.183" endtime="20231120 16:23:59.234"/>
</kw>
<status status="PASS" starttime="20231120 16:23:59.183" endtime="20231120 16:23:59.234"/>
</kw>
<kw name="Set Password Confirmation">
<arg>abcd1234</arg>
<kw name="Input Password" library="SeleniumLibrary">
<arg>password_confirmation</arg>
<arg>${password}</arg>
<doc>Types the given password into the text field identified by ``locator``.</doc>
<msg timestamp="20231120 16:23:59.235" level="INFO">Typing password into text field 'password_confirmation'.</msg>
<msg timestamp="20231120 16:23:59.256" level="INFO">Temporally setting log level to: NONE</msg>
<msg timestamp="20231120 16:23:59.285" level="INFO">Log level changed from NONE to INFO.</msg>
<status status="PASS" starttime="20231120 16:23:59.235" endtime="20231120 16:23:59.285"/>
</kw>
<status status="PASS" starttime="20231120 16:23:59.234" endtime="20231120 16:23:59.285"/>
</kw>
<kw name="Submit Registration">
<kw name="Click Button" library="SeleniumLibrary">
<arg>Register</arg>
<doc>Clicks the button identified by ``locator``.</doc>
<msg timestamp="20231120 16:23:59.286" level="INFO">Clicking button 'Register'.</msg>
<status status="PASS" starttime="20231120 16:23:59.286" endtime="20231120 16:23:59.640"/>
</kw>
<status status="PASS" starttime="20231120 16:23:59.285" endtime="20231120 16:23:59.640"/>
</kw>
<kw name="Register Should Succeed">
<kw name="Welcome Page Should Be Open" library="resource">
<kw name="Title Should Be" library="SeleniumLibrary">
<arg>Welcome to Ohtu Application!</arg>
<doc>Verifies that the current page title equals ``title``.</doc>
<msg timestamp="20231120 16:23:59.645" level="INFO">Page title is 'Welcome to Ohtu Application!'.</msg>
<status status="PASS" starttime="20231120 16:23:59.641" endtime="20231120 16:23:59.645"/>
</kw>
<status status="PASS" starttime="20231120 16:23:59.641" endtime="20231120 16:23:59.645"/>
</kw>
<status status="PASS" starttime="20231120 16:23:59.641" endtime="20231120 16:23:59.645"/>
</kw>
<kw name="Go To Main Page" library="resource">
<kw name="Go To" library="SeleniumLibrary">
<arg>${MAIN_URL}</arg>
<doc>Navigates the current browser window to the provided ``url``.</doc>
<msg timestamp="20231120 16:23:59.645" level="INFO">Opening url 'http://localhost:5001/ohtu'</msg>
<status status="PASS" starttime="20231120 16:23:59.645" endtime="20231120 16:23:59.690"/>
</kw>
<status status="PASS" starttime="20231120 16:23:59.645" endtime="20231120 16:23:59.690"/>
</kw>
<kw name="Click Button" library="SeleniumLibrary">
<arg>Logout</arg>
<doc>Clicks the button identified by ``locator``.</doc>
<msg timestamp="20231120 16:23:59.691" level="INFO">Clicking button 'Logout'.</msg>
<status status="PASS" starttime="20231120 16:23:59.691" endtime="20231120 16:24:00.055"/>
</kw>
<kw name="Set Username" library="login_resource">
<arg>testD</arg>
<kw name="Input Text" library="SeleniumLibrary">
<arg>username</arg>
<arg>${username}</arg>
<doc>Types the given ``text`` into the text field identified by ``locator``.</doc>
<msg timestamp="20231120 16:24:00.056" level="INFO">Typing text 'testD' into text field 'username'.</msg>
<status status="PASS" starttime="20231120 16:24:00.056" endtime="20231120 16:24:00.107"/>
</kw>
<status status="PASS" starttime="20231120 16:24:00.055" endtime="20231120 16:24:00.107"/>
</kw>
<kw name="Set Password" library="login_resource">
<arg>abcd1234</arg>
<kw name="Input Password" library="SeleniumLibrary">
<arg>password</arg>
<arg>${password}</arg>
<doc>Types the given password into the text field identified by ``locator``.</doc>
<msg timestamp="20231120 16:24:00.108" level="INFO">Typing password into text field 'password'.</msg>
<msg timestamp="20231120 16:24:00.130" level="INFO">Temporally setting log level to: NONE</msg>
<msg timestamp="20231120 16:24:00.159" level="INFO">Log level changed from NONE to INFO.</msg>
<status status="PASS" starttime="20231120 16:24:00.108" endtime="20231120 16:24:00.159"/>
</kw>
<status status="PASS" starttime="20231120 16:24:00.107" endtime="20231120 16:24:00.159"/>
</kw>
<kw name="Submit Credentials" library="login_resource">
<kw name="Click Button" library="SeleniumLibrary">
<arg>Login</arg>
<doc>Clicks the button identified by ``locator``.</doc>
<msg timestamp="20231120 16:24:00.160" level="INFO">Clicking button 'Login'.</msg>
<status status="PASS" starttime="20231120 16:24:00.160" endtime="20231120 16:24:00.517"/>
</kw>
<status status="PASS" starttime="20231120 16:24:00.159" endtime="20231120 16:24:00.517"/>
</kw>
<kw name="Login Should Succeed" library="login_resource">
<kw name="Main Page Should Be Open" library="resource">
<kw name="Title Should Be" library="SeleniumLibrary">
<arg>Ohtu Application main page</arg>
<doc>Verifies that the current page title equals ``title``.</doc>
<msg timestamp="20231120 16:24:00.521" level="INFO">Page title is 'Ohtu Application main page'.</msg>
<status status="PASS" starttime="20231120 16:24:00.518" endtime="20231120 16:24:00.522"/>
</kw>
<status status="PASS" starttime="20231120 16:24:00.518" endtime="20231120 16:24:00.522"/>
</kw>
<status status="PASS" starttime="20231120 16:24:00.518" endtime="20231120 16:24:00.522"/>
</kw>
<status status="PASS" starttime="20231120 16:23:59.055" endtime="20231120 16:24:00.522"/>
</test>
<test id="s1-t6" name="Login After Failed Registration" line="50">
<kw name="Go To Register Page" library="resource" type="SETUP">
<kw name="Go To" library="SeleniumLibrary">
<arg>${REGISTER_URL}</arg>
<doc>Navigates the current browser window to the provided ``url``.</doc>
<msg timestamp="20231120 16:24:00.524" level="INFO">Opening url 'http://localhost:5001/register'</msg>
<status status="PASS" starttime="20231120 16:24:00.523" endtime="20231120 16:24:00.581"/>
</kw>
<status status="PASS" starttime="20231120 16:24:00.523" endtime="20231120 16:24:00.581"/>
</kw>
<kw name="Set Username" library="login_resource">
<arg>b</arg>
<kw name="Input Text" library="SeleniumLibrary">
<arg>username</arg>
<arg>${username}</arg>
<doc>Types the given ``text`` into the text field identified by ``locator``.</doc>
<msg timestamp="20231120 16:24:00.583" level="INFO">Typing text 'b' into text field 'username'.</msg>
<status status="PASS" starttime="20231120 16:24:00.582" endtime="20231120 16:24:00.634"/>
</kw>
<status status="PASS" starttime="20231120 16:24:00.582" endtime="20231120 16:24:00.634"/>
</kw>
<kw name="Set Password" library="login_resource">
<arg>abcd1234</arg>
<kw name="Input Password" library="SeleniumLibrary">
<arg>password</arg>
<arg>${password}</arg>
<doc>Types the given password into the text field identified by ``locator``.</doc>
<msg timestamp="20231120 16:24:00.636" level="INFO">Typing password into text field 'password'.</msg>
<msg timestamp="20231120 16:24:00.659" level="INFO">Temporally setting log level to: NONE</msg>
<msg timestamp="20231120 16:24:00.690" level="INFO">Log level changed from NONE to INFO.</msg>
<status status="PASS" starttime="20231120 16:24:00.635" endtime="20231120 16:24:00.690"/>
</kw>
<status status="PASS" starttime="20231120 16:24:00.635" endtime="20231120 16:24:00.690"/>
</kw>
<kw name="Set Password Confirmation">
<arg>abcd1234</arg>
<kw name="Input Password" library="SeleniumLibrary">
<arg>password_confirmation</arg>
<arg>${password}</arg>
<doc>Types the given password into the text field identified by ``locator``.</doc>
<msg timestamp="20231120 16:24:00.691" level="INFO">Typing password into text field 'password_confirmation'.</msg>
<msg timestamp="20231120 16:24:00.713" level="INFO">Temporally setting log level to: NONE</msg>
<msg timestamp="20231120 16:24:00.741" level="INFO">Log level changed from NONE to INFO.</msg>
<status status="PASS" starttime="20231120 16:24:00.691" endtime="20231120 16:24:00.741"/>
</kw>
<status status="PASS" starttime="20231120 16:24:00.690" endtime="20231120 16:24:00.741"/>
</kw>
<kw name="Submit Registration">
<kw name="Click Button" library="SeleniumLibrary">
<arg>Register</arg>
<doc>Clicks the button identified by ``locator``.</doc>
<msg timestamp="20231120 16:24:00.742" level="INFO">Clicking button 'Register'.</msg>
<status status="PASS" starttime="20231120 16:24:00.742" endtime="20231120 16:24:01.089"/>
</kw>
<status status="PASS" starttime="20231120 16:24:00.742" endtime="20231120 16:24:01.089"/>
</kw>
<kw name="Register Should Fail With Message">
<arg>Username must have only letters and at least 3 characters</arg>
<kw name="Register Page Should Be Open" library="resource">
<kw name="Title Should Be" library="SeleniumLibrary">
<arg>Register</arg>
<doc>Verifies that the current page title equals ``title``.</doc>
<msg timestamp="20231120 16:24:01.093" level="INFO">Page title is 'Register'.</msg>
<status status="PASS" starttime="20231120 16:24:01.090" endtime="20231120 16:24:01.093"/>
</kw>
<status status="PASS" starttime="20231120 16:24:01.090" endtime="20231120 16:24:01.093"/>
</kw>
<kw name="Page Should Contain" library="SeleniumLibrary">
<arg>${message}</arg>
<doc>Verifies that current page contains ``text``.</doc>
<msg timestamp="20231120 16:24:01.101" level="INFO">Current page contains text 'Username must have only letters and at least 3 characters'.</msg>
<status status="PASS" starttime="20231120 16:24:01.093" endtime="20231120 16:24:01.101"/>
</kw>
<status status="PASS" starttime="20231120 16:24:01.089" endtime="20231120 16:24:01.101"/>
</kw>
<kw name="Go To Login Page" library="resource">
<kw name="Go To" library="SeleniumLibrary">
<arg>${LOGIN_URL}</arg>
<doc>Navigates the current browser window to the provided ``url``.</doc>
<msg timestamp="20231120 16:24:01.102" level="INFO">Opening url 'http://localhost:5001/login'</msg>
<status status="PASS" starttime="20231120 16:24:01.101" endtime="20231120 16:24:01.152"/>
</kw>
<status status="PASS" starttime="20231120 16:24:01.101" endtime="20231120 16:24:01.152"/>
</kw>
<kw name="Set Username" library="login_resource">
<arg>b</arg>
<kw name="Input Text" library="SeleniumLibrary">
<arg>username</arg>
<arg>${username}</arg>
<doc>Types the given ``text`` into the text field identified by ``locator``.</doc>
<msg timestamp="20231120 16:24:01.153" level="INFO">Typing text 'b' into text field 'username'.</msg>
<status status="PASS" starttime="20231120 16:24:01.153" endtime="20231120 16:24:01.201"/>
</kw>
<status status="PASS" starttime="20231120 16:24:01.152" endtime="20231120 16:24:01.201"/>
</kw>
<kw name="Set Password" library="login_resource">
<arg>abcd1234</arg>
<kw name="Input Password" library="SeleniumLibrary">
<arg>password</arg>
<arg>${password}</arg>
<doc>Types the given password into the text field identified by ``locator``.</doc>
<msg timestamp="20231120 16:24:01.202" level="INFO">Typing password into text field 'password'.</msg>
<msg timestamp="20231120 16:24:01.224" level="INFO">Temporally setting log level to: NONE</msg>
<msg timestamp="20231120 16:24:01.252" level="INFO">Log level changed from NONE to INFO.</msg>
<status status="PASS" starttime="20231120 16:24:01.202" endtime="20231120 16:24:01.252"/>
</kw>
<status status="PASS" starttime="20231120 16:24:01.201" endtime="20231120 16:24:01.252"/>
</kw>
<kw name="Submit Credentials" library="login_resource">
<kw name="Click Button" library="SeleniumLibrary">
<arg>Login</arg>
<doc>Clicks the button identified by ``locator``.</doc>
<msg timestamp="20231120 16:24:01.253" level="INFO">Clicking button 'Login'.</msg>
<status status="PASS" starttime="20231120 16:24:01.253" endtime="20231120 16:24:01.598"/>
</kw>
<status status="PASS" starttime="20231120 16:24:01.252" endtime="20231120 16:24:01.598"/>
</kw>
<kw name="Login Should Fail With Message" library="login_resource">
<arg>Invalid username or password</arg>
<kw name="Login Page Should Be Open" library="resource">
<kw name="Title Should Be" library="SeleniumLibrary">
<arg>Login</arg>
<doc>Verifies that the current page title equals ``title``.</doc>
<msg timestamp="20231120 16:24:01.602" level="INFO">Page title is 'Login'.</msg>
<status status="PASS" starttime="20231120 16:24:01.599" endtime="20231120 16:24:01.602"/>
</kw>
<status status="PASS" starttime="20231120 16:24:01.599" endtime="20231120 16:24:01.602"/>
</kw>
<kw name="Page Should Contain" library="SeleniumLibrary">
<arg>${message}</arg>
<doc>Verifies that current page contains ``text``.</doc>
<msg timestamp="20231120 16:24:01.614" level="INFO">Current page contains text 'Invalid username or password'.</msg>
<status status="PASS" starttime="20231120 16:24:01.602" endtime="20231120 16:24:01.614"/>
</kw>
<status status="PASS" starttime="20231120 16:24:01.599" endtime="20231120 16:24:01.614"/>
</kw>
<status status="PASS" starttime="20231120 16:24:00.523" endtime="20231120 16:24:01.614"/>
</test>
<kw name="Close Browser" library="SeleniumLibrary" type="TEARDOWN">
<doc>Closes the current browser.</doc>
<status status="PASS" starttime="20231120 16:24:01.615" endtime="20231120 16:24:03.718"/>
</kw>
<status status="PASS" starttime="20231120 16:23:51.819" endtime="20231120 16:24:03.718"/>
</suite>
<statistics>
<total>
<stat pass="6" fail="0" skip="0">All Tests</stat>
</total>
<tag>
</tag>
<suite>
<stat pass="6" fail="0" skip="0" id="s1" name="Register">Register</stat>
</suite>
</statistics>
<errors>
</errors>
</robot>
